# JRE version: Java(TM) SE Runtime Environment (8.0_77-b03) (build 1.8.0_77-b03)
# Java VM: Java HotSpot(TM) 64-Bit Server VM (25.77-b03 mixed mode windows-amd64 compressed oops)
Heap:
 PSYoungGen      total 835072K, used 225899K [0x000000076b900000, 0x00000007a0b00000, 0x00000007c0000000)
  eden space 828416K, 27% used [0x000000076b900000,0x000000077959aee8,0x000000079e200000)
  from space 6656K, 0% used [0x00000007a0480000,0x00000007a0480000,0x00000007a0b00000)
  to   space 20992K, 0% used [0x000000079e200000,0x000000079e200000,0x000000079f680000)
 ParOldGen       total 167424K, used 42761K [0x00000006c2a00000, 0x00000006ccd80000, 0x000000076b900000)
  object space 167424K, 25% used [0x00000006c2a00000,0x00000006c53c2480,0x00000006ccd80000)
 Metaspace       used 62474K, capacity 63470K, committed 63704K, reserved 1105920K
  class space    used 7692K, capacity 7894K, committed 7936K, reserved 1048576K
GC Heap History (10 events):
Event: 11.361 GC heap before
{Heap before GC invocations=15 (full 2):
 PSYoungGen      total 412160K, used 399872K [0x000000076b900000, 0x0000000789580000, 0x00000007c0000000)
  eden space 399872K, 100% used [0x000000076b900000,0x0000000783f80000,0x0000000783f80000)
  from space 12288K, 0% used [0x0000000784c80000,0x0000000784c80000,0x0000000785880000)
  to   space 13312K, 0% used [0x0000000783f80000,0x0000000783f80000,0x0000000784c80000)
 ParOldGen       total 118272K, used 18775K [0x00000006c2a00000, 0x00000006c9d80000, 0x000000076b900000)
  object space 118272K, 15% used [0x00000006c2a00000,0x00000006c3c55fe8,0x00000006c9d80000)
 Metaspace       used 44953K, capacity 45650K, committed 45912K, reserved 1089536K
  class space    used 5565K, capacity 5734K, committed 5760K, reserved 1048576K
Event: 11.373 GC heap after
Heap after GC invocations=15 (full 2):
 PSYoungGen      total 413184K, used 13290K [0x000000076b900000, 0x0000000791e80000, 0x00000007c0000000)
  eden space 399872K, 0% used [0x000000076b900000,0x000000076b900000,0x0000000783f80000)
  from space 13312K, 99% used [0x0000000783f80000,0x0000000784c7a800,0x0000000784c80000)
  to   space 15872K, 0% used [0x0000000790f00000,0x0000000790f00000,0x0000000791e80000)
 ParOldGen       total 118272K, used 20370K [0x00000006c2a00000, 0x00000006c9d80000, 0x000000076b900000)
  object space 118272K, 17% used [0x00000006c2a00000,0x00000006c3de4888,0x00000006c9d80000)
 Metaspace       used 44953K, capacity 45650K, committed 45912K, reserved 1089536K
  class space    used 5565K, capacity 5734K, committed 5760K, reserved 1048576K
}
Event: 13.388 GC heap before
{Heap before GC invocations=16 (full 2):
 PSYoungGen      total 413184K, used 413162K [0x000000076b900000, 0x0000000791e80000, 0x00000007c0000000)
  eden space 399872K, 100% used [0x000000076b900000,0x0000000783f80000,0x0000000783f80000)
  from space 13312K, 99% used [0x0000000783f80000,0x0000000784c7a800,0x0000000784c80000)
  to   space 15872K, 0% used [0x0000000790f00000,0x0000000790f00000,0x0000000791e80000)
 ParOldGen       total 118272K, used 20370K [0x00000006c2a00000, 0x00000006c9d80000, 0x000000076b900000)
  object space 118272K, 17% used [0x00000006c2a00000,0x00000006c3de4888,0x00000006c9d80000)
 Metaspace       used 48925K, capacity 49608K, committed 49880K, reserved 1093632K
  class space    used 5966K, capacity 6123K, committed 6144K, reserved 1048576K
Event: 13.399 GC heap after
Heap after GC invocations=16 (full 2):
 PSYoungGen      total 595456K, used 8902K [0x000000076b900000, 0x0000000791800000, 0x00000007c0000000)
  eden space 586240K, 0% used [0x000000076b900000,0x000000076b900000,0x000000078f580000)
  from space 9216K, 96% used [0x0000000790f00000,0x00000007917b1ac0,0x0000000791800000)
  to   space 15360K, 0% used [0x000000078fa00000,0x000000078fa00000,0x0000000790900000)
 ParOldGen       total 118272K, used 29948K [0x00000006c2a00000, 0x00000006c9d80000, 0x000000076b900000)
  object space 118272K, 25% used [0x00000006c2a00000,0x00000006c473f138,0x00000006c9d80000)
 Metaspace       used 48925K, capacity 49608K, committed 49880K, reserved 1093632K
  class space    used 5966K, capacity 6123K, committed 6144K, reserved 1048576K
}
Event: 17.567 GC heap before
{Heap before GC invocations=17 (full 2):
 PSYoungGen      total 595456K, used 595142K [0x000000076b900000, 0x0000000791800000, 0x00000007c0000000)
  eden space 586240K, 100% used [0x000000076b900000,0x000000078f580000,0x000000078f580000)
  from space 9216K, 96% used [0x0000000790f00000,0x00000007917b1ac0,0x0000000791800000)
  to   space 15360K, 0% used [0x000000078fa00000,0x000000078fa00000,0x0000000790900000)
 ParOldGen       total 118272K, used 29948K [0x00000006c2a00000, 0x00000006c9d80000, 0x000000076b900000)
  object space 118272K, 25% used [0x00000006c2a00000,0x00000006c473f138,0x00000006c9d80000)
 Metaspace       used 54910K, capacity 55762K, committed 55896K, reserved 1097728K
  class space    used 6841K, capacity 7026K, committed 7040K, reserved 1048576K
Event: 17.588 GC heap after
Heap after GC invocations=17 (full 2):
 PSYoungGen      total 606208K, used 15341K [0x000000076b900000, 0x00000007a1900000, 0x00000007c0000000)
  eden space 590848K, 0% used [0x000000076b900000,0x000000076b900000,0x000000078fa00000)
  from space 15360K, 99% used [0x000000078fa00000,0x00000007908fb778,0x0000000790900000)
  to   space 20992K, 0% used [0x00000007a0480000,0x00000007a0480000,0x00000007a1900000)
 ParOldGen       total 118272K, used 39490K [0x00000006c2a00000, 0x00000006c9d80000, 0x000000076b900000)
  object space 118272K, 33% used [0x00000006c2a00000,0x00000006c5090958,0x00000006c9d80000)
 Metaspace       used 54910K, capacity 55762K, committed 55896K, reserved 1097728K
  class space    used 6841K, capacity 7026K, committed 7040K, reserved 1048576K
}
Event: 35.867 GC heap before
{Heap before GC invocations=18 (full 2):
 PSYoungGen      total 606208K, used 179360K [0x000000076b900000, 0x00000007a1900000, 0x00000007c0000000)
  eden space 590848K, 27% used [0x000000076b900000,0x000000077592cb58,0x000000078fa00000)
  from space 15360K, 99% used [0x000000078fa00000,0x00000007908fb778,0x0000000790900000)
  to   space 20992K, 0% used [0x00000007a0480000,0x00000007a0480000,0x00000007a1900000)
 ParOldGen       total 118272K, used 39490K [0x00000006c2a00000, 0x00000006c9d80000, 0x000000076b900000)
  object space 118272K, 33% used [0x00000006c2a00000,0x00000006c5090958,0x00000006c9d80000)
 Metaspace       used 57965K, capacity 58774K, committed 59028K, reserved 1101824K
  class space    used 7245K, capacity 7432K, committed 7552K, reserved 1048576K
Event: 35.876 GC heap after
Heap after GC invocations=18 (full 2):
 PSYoungGen      total 835072K, used 4349K [0x000000076b900000, 0x00000007a0b00000, 0x00000007c0000000)
  eden space 828416K, 0% used [0x000000076b900000,0x000000076b900000,0x000000079e200000)
  from space 6656K, 65% used [0x00000007a0480000,0x00000007a08bf5c0,0x00000007a0b00000)
  to   space 20992K, 0% used [0x000000079e200000,0x000000079e200000,0x000000079f680000)
 ParOldGen       total 118272K, used 50050K [0x00000006c2a00000, 0x00000006c9d80000, 0x000000076b900000)
  object space 118272K, 42% used [0x00000006c2a00000,0x00000006c5ae09f8,0x00000006c9d80000)
 Metaspace       used 57965K, capacity 58774K, committed 59028K, reserved 1101824K
  class space    used 7245K, capacity 7432K, committed 7552K, reserved 1048576K
}
Event: 35.876 GC heap before
{Heap before GC invocations=19 (full 3):
 PSYoungGen      total 835072K, used 4349K [0x000000076b900000, 0x00000007a0b00000, 0x00000007c0000000)
  eden space 828416K, 0% used [0x000000076b900000,0x000000076b900000,0x000000079e200000)
  from space 6656K, 65% used [0x00000007a0480000,0x00000007a08bf5c0,0x00000007a0b00000)
  to   space 20992K, 0% used [0x000000079e200000,0x000000079e200000,0x000000079f680000)
 ParOldGen       total 118272K, used 50050K [0x00000006c2a00000, 0x00000006c9d80000, 0x000000076b900000)
  object space 118272K, 42% used [0x00000006c2a00000,0x00000006c5ae09f8,0x00000006c9d80000)
 Metaspace       used 57965K, capacity 58774K, committed 59028K, reserved 1101824K
  class space    used 7245K, capacity 7432K, committed 7552K, reserved 1048576K
Event: 36.207 GC heap after
Heap after GC invocations=19 (full 3):
 PSYoungGen      total 835072K, used 0K [0x000000076b900000, 0x00000007a0b00000, 0x00000007c0000000)
  eden space 828416K, 0% used [0x000000076b900000,0x000000076b900000,0x000000079e200000)
  from space 6656K, 0% used [0x00000007a0480000,0x00000007a0480000,0x00000007a0b00000)
  to   space 20992K, 0% used [0x000000079e200000,0x000000079e200000,0x000000079f680000)
 ParOldGen       total 167424K, used 42761K [0x00000006c2a00000, 0x00000006ccd80000, 0x000000076b900000)
  object space 167424K, 25% used [0x00000006c2a00000,0x00000006c53c2480,0x00000006ccd80000)
 Metaspace       used 57965K, capacity 58774K, committed 59028K, reserved 1101824K
  class space    used 7245K, capacity 7432K, committed 7552K, reserved 1048576K
}

