# JRE version: Java(TM) SE Runtime Environment (8.0_77-b03) (build 1.8.0_77-b03)
# Java VM: Java HotSpot(TM) 64-Bit Server VM (25.77-b03 mixed mode windows-amd64 compressed oops)
Heap:
 PSYoungGen      total 1299456K, used 140253K [0x000000076b900000, 0x00000007bd800000, 0x00000007c0000000)
  eden space 1271808K, 9% used [0x000000076b900000,0x0000000772b52858,0x00000007b9300000)
  from space 27648K, 83% used [0x00000007b9300000,0x00000007ba9a4d18,0x00000007bae00000)
  to   space 29696K, 0% used [0x00000007bbb00000,0x00000007bbb00000,0x00000007bd800000)
 ParOldGen       total 925696K, used 547671K [0x00000006c2a00000, 0x00000006fb200000, 0x000000076b900000)
  object space 925696K, 59% used [0x00000006c2a00000,0x00000006e40d5ea8,0x00000006fb200000)
 Metaspace       used 166782K, capacity 181740K, committed 181888K, reserved 1208320K
  class space    used 20778K, capacity 23402K, committed 23424K, reserved 1048576K
GC Heap History (10 events):
Event: 22580.445 GC heap before
{Heap before GC invocations=214 (full 68):
 PSYoungGen      total 1277440K, used 9618K [0x000000076b900000, 0x00000007bc080000, 0x00000007c0000000)
  eden space 1261056K, 0% used [0x000000076b900000,0x000000076b900000,0x00000007b8880000)
  from space 16384K, 58% used [0x00000007bb080000,0x00000007bb9e49a0,0x00000007bc080000)
  to   space 28672K, 0% used [0x00000007b8880000,0x00000007b8880000,0x00000007ba480000)
 ParOldGen       total 925696K, used 529921K [0x00000006c2a00000, 0x00000006fb200000, 0x000000076b900000)
  object space 925696K, 57% used [0x00000006c2a00000,0x00000006e2f807d0,0x00000006fb200000)
 Metaspace       used 163249K, capacity 177414K, committed 177536K, reserved 1204224K
  class space    used 20328K, capacity 22897K, committed 22912K, reserved 1048576K
Event: 22582.618 GC heap after
Heap after GC invocations=214 (full 68):
 PSYoungGen      total 1277440K, used 0K [0x000000076b900000, 0x00000007bc080000, 0x00000007c0000000)
  eden space 1261056K, 0% used [0x000000076b900000,0x000000076b900000,0x00000007b8880000)
  from space 16384K, 0% used [0x00000007bb080000,0x00000007bb080000,0x00000007bc080000)
  to   space 28672K, 0% used [0x00000007b8880000,0x00000007b8880000,0x00000007ba480000)
 ParOldGen       total 925696K, used 538195K [0x00000006c2a00000, 0x00000006fb200000, 0x000000076b900000)
  object space 925696K, 58% used [0x00000006c2a00000,0x00000006e3794cf8,0x00000006fb200000)
 Metaspace       used 163249K, capacity 177414K, committed 177536K, reserved 1204224K
  class space    used 20328K, capacity 22897K, committed 22912K, reserved 1048576K
}
Event: 22589.153 GC heap before
{Heap before GC invocations=215 (full 68):
 PSYoungGen      total 1277440K, used 1261056K [0x000000076b900000, 0x00000007bc080000, 0x00000007c0000000)
  eden space 1261056K, 100% used [0x000000076b900000,0x00000007b8880000,0x00000007b8880000)
  from space 16384K, 0% used [0x00000007bb080000,0x00000007bb080000,0x00000007bc080000)
  to   space 28672K, 0% used [0x00000007b8880000,0x00000007b8880000,0x00000007ba480000)
 ParOldGen       total 925696K, used 538195K [0x00000006c2a00000, 0x00000006fb200000, 0x000000076b900000)
  object space 925696K, 58% used [0x00000006c2a00000,0x00000006e3794cf8,0x00000006fb200000)
 Metaspace       used 164921K, capacity 179354K, committed 179584K, reserved 1206272K
  class space    used 20526K, capacity 23107K, committed 23168K, reserved 1048576K
Event: 22589.185 GC heap after
Heap after GC invocations=215 (full 68):
 PSYoungGen      total 1289728K, used 17916K [0x000000076b900000, 0x00000007bcb00000, 0x00000007c0000000)
  eden space 1261056K, 0% used [0x000000076b900000,0x000000076b900000,0x00000007b8880000)
  from space 28672K, 62% used [0x00000007b8880000,0x00000007b99ff0c8,0x00000007ba480000)
  to   space 28672K, 0% used [0x00000007baf00000,0x00000007baf00000,0x00000007bcb00000)
 ParOldGen       total 925696K, used 538203K [0x00000006c2a00000, 0x00000006fb200000, 0x000000076b900000)
  object space 925696K, 58% used [0x00000006c2a00000,0x00000006e3796cf8,0x00000006fb200000)
 Metaspace       used 164921K, capacity 179354K, committed 179584K, reserved 1206272K
  class space    used 20526K, capacity 23107K, committed 23168K, reserved 1048576K
}
Event: 22761.902 GC heap before
{Heap before GC invocations=216 (full 68):
 PSYoungGen      total 1289728K, used 456645K [0x000000076b900000, 0x00000007bcb00000, 0x00000007c0000000)
  eden space 1261056K, 34% used [0x000000076b900000,0x0000000786572658,0x00000007b8880000)
  from space 28672K, 62% used [0x00000007b8880000,0x00000007b99ff0c8,0x00000007ba480000)
  to   space 28672K, 0% used [0x00000007baf00000,0x00000007baf00000,0x00000007bcb00000)
 ParOldGen       total 925696K, used 538203K [0x00000006c2a00000, 0x00000006fb200000, 0x000000076b900000)
  object space 925696K, 58% used [0x00000006c2a00000,0x00000006e3796cf8,0x00000006fb200000)
 Metaspace       used 165141K, capacity 179830K, committed 179840K, reserved 1206272K
  class space    used 20573K, capacity 23165K, committed 23168K, reserved 1048576K
Event: 22761.912 GC heap after
Heap after GC invocations=216 (full 68):
 PSYoungGen      total 1298432K, used 10944K [0x000000076b900000, 0x00000007bc900000, 0x00000007c0000000)
  eden space 1271808K, 0% used [0x000000076b900000,0x000000076b900000,0x00000007b9300000)
  from space 26624K, 41% used [0x00000007baf00000,0x00000007bb9b0070,0x00000007bc900000)
  to   space 27648K, 0% used [0x00000007b9300000,0x00000007b9300000,0x00000007bae00000)
 ParOldGen       total 925696K, used 538211K [0x00000006c2a00000, 0x00000006fb200000, 0x000000076b900000)
  object space 925696K, 58% used [0x00000006c2a00000,0x00000006e3798cf8,0x00000006fb200000)
 Metaspace       used 165141K, capacity 179830K, committed 179840K, reserved 1206272K
  class space    used 20573K, capacity 23165K, committed 23168K, reserved 1048576K
}
Event: 22761.912 GC heap before
{Heap before GC invocations=217 (full 69):
 PSYoungGen      total 1298432K, used 10944K [0x000000076b900000, 0x00000007bc900000, 0x00000007c0000000)
  eden space 1271808K, 0% used [0x000000076b900000,0x000000076b900000,0x00000007b9300000)
  from space 26624K, 41% used [0x00000007baf00000,0x00000007bb9b0070,0x00000007bc900000)
  to   space 27648K, 0% used [0x00000007b9300000,0x00000007b9300000,0x00000007bae00000)
 ParOldGen       total 925696K, used 538211K [0x00000006c2a00000, 0x00000006fb200000, 0x000000076b900000)
  object space 925696K, 58% used [0x00000006c2a00000,0x00000006e3798cf8,0x00000006fb200000)
 Metaspace       used 165141K, capacity 179830K, committed 179840K, reserved 1206272K
  class space    used 20573K, capacity 23165K, committed 23168K, reserved 1048576K
Event: 22763.361 GC heap after
Heap after GC invocations=217 (full 69):
 PSYoungGen      total 1298432K, used 0K [0x000000076b900000, 0x00000007bc900000, 0x00000007c0000000)
  eden space 1271808K, 0% used [0x000000076b900000,0x000000076b900000,0x00000007b9300000)
  from space 26624K, 0% used [0x00000007baf00000,0x00000007baf00000,0x00000007bc900000)
  to   space 27648K, 0% used [0x00000007b9300000,0x00000007b9300000,0x00000007bae00000)
 ParOldGen       total 925696K, used 547671K [0x00000006c2a00000, 0x00000006fb200000, 0x000000076b900000)
  object space 925696K, 59% used [0x00000006c2a00000,0x00000006e40d5ea8,0x00000006fb200000)
 Metaspace       used 165141K, capacity 179830K, committed 179840K, reserved 1206272K
  class space    used 20573K, capacity 23165K, committed 23168K, reserved 1048576K
}
Event: 22769.938 GC heap before
{Heap before GC invocations=218 (full 69):
 PSYoungGen      total 1298432K, used 1271808K [0x000000076b900000, 0x00000007bc900000, 0x00000007c0000000)
  eden space 1271808K, 100% used [0x000000076b900000,0x00000007b9300000,0x00000007b9300000)
  from space 26624K, 0% used [0x00000007baf00000,0x00000007baf00000,0x00000007bc900000)
  to   space 27648K, 0% used [0x00000007b9300000,0x00000007b9300000,0x00000007bae00000)
 ParOldGen       total 925696K, used 547671K [0x00000006c2a00000, 0x00000006fb200000, 0x000000076b900000)
  object space 925696K, 59% used [0x00000006c2a00000,0x00000006e40d5ea8,0x00000006fb200000)
 Metaspace       used 166688K, capacity 181572K, committed 181888K, reserved 1208320K
  class space    used 20760K, capacity 23374K, committed 23424K, reserved 1048576K
Event: 22769.955 GC heap after
Heap after GC invocations=218 (full 69):
 PSYoungGen      total 1299456K, used 23187K [0x000000076b900000, 0x00000007bd800000, 0x00000007c0000000)
  eden space 1271808K, 0% used [0x000000076b900000,0x000000076b900000,0x00000007b9300000)
  from space 27648K, 83% used [0x00000007b9300000,0x00000007ba9a4d18,0x00000007bae00000)
  to   space 29696K, 0% used [0x00000007bbb00000,0x00000007bbb00000,0x00000007bd800000)
 ParOldGen       total 925696K, used 547671K [0x00000006c2a00000, 0x00000006fb200000, 0x000000076b900000)
  object space 925696K, 59% used [0x00000006c2a00000,0x00000006e40d5ea8,0x00000006fb200000)
 Metaspace       used 166688K, capacity 181572K, committed 181888K, reserved 1208320K
  class space    used 20760K, capacity 23374K, committed 23424K, reserved 1048576K
}

